# curl headers log ...
curl -I https://organicgit.github.io/timestamp/timestamp.htm
HTTP/2 200 
server: GitHub.com
content-type: text/html; charset=utf-8
strict-transport-security: max-age=31556952
last-modified: Tue, 06 Apr 2021 21:34:23 GMT
access-control-allow-origin: *
etag: "606cd3df-143"
expires: Wed, 07 Apr 2021 04:35:45 GMT
cache-control: max-age=600
x-proxy-cache: MISS
x-github-request-id: 7236:31F9:36345:3FF00:606D3449
accept-ranges: bytes
date: Wed, 07 Apr 2021 09:02:39 GMT
via: 1.1 varnish
age: 0
x-served-by: cache-fra19168-FRA
x-cache: MISS
x-cache-hits: 0
x-timer: S1617786159.367817,VS0,VE88
vary: Accept-Encoding
x-fastly-request-id: 032b47bae0b25a061ae2ade17933b0155e9e5fa2
content-length: 323

curl -I https://gitlab.com/gradual-archi/timestamp/-/raw/master/timestamp.htm
HTTP/2 200 
date: Wed, 07 Apr 2021 09:02:42 GMT
content-type: text/plain; charset=utf-8
set-cookie: __cfduid=d0cbe5db8f918c2bba7ba89e7968033a11617786162; expires=Fri, 07-May-21 09:02:42 GMT; path=/; domain=.gitlab.com; HttpOnly; SameSite=Lax; Secure
vary: Accept-Encoding
cache-control: max-age=60, public
content-disposition: inline
etag: W/"933a7621198c3d108a666bff8651f484"
x-content-type-options: nosniff
x-download-options: noopen
x-frame-options: DENY
x-gitlab-feature-category: source_code_management
x-permitted-cross-domain-policies: none
x-request-id: 01F2NS3KH0363XJJS4ZFJTGRYF
x-runtime: 0.069794
x-ua-compatible: IE=edge
x-xss-protection: 1; mode=block
strict-transport-security: max-age=31536000
referrer-policy: strict-origin-when-cross-origin
gitlab-lb: fe-07-lb-gprd
gitlab-sv: web-19-sv-gprd
cf-cache-status: EXPIRED
cf-request-id: 094d2ae5af00002325b3ba8000000001
expect-ct: max-age=604800, report-uri="https://report-uri.cloudflare.com/cdn-cgi/beacon/expect-ct"
server: cloudflare
cf-ray: 63c2141c4f9c2325-ZRH

